# JRE version: Java(TM) SE Runtime Environment (21.0.2+13) (build 21.0.2+13-LTS-58)
# Java VM: Java HotSpot(TM) 64-Bit Server VM (21.0.2+13-LTS-58, mixed mode, emulated-client, sharing, tiered, compressed oops, compressed class ptrs, g1 gc, windows-amd64)
GC Precious Log:
 CardTable entry size: 512
 Card Set container configuration: InlinePtr #cards 5 size 8 Array Of Cards #cards 12 size 40 Howl #buckets 4 coarsen threshold 1843 Howl Bitmap #cards 512 size 80 coarsen threshold 460 Card regions per heap region 1 cards per card region 2048
 CPUs: 8 total, 8 available
 Memory: 3962M
 Large Page Support: Disabled
 NUMA Support: Disabled
 Compressed Oops: Enabled (32-bit)
 Heap Region Size: 1M
 Heap Min Capacity: 8M
 Heap Initial Capacity: 62M
 Heap Max Capacity: 992M
 Pre-touch: Disabled
 Parallel Workers: 8
 Concurrent Workers: 2
 Concurrent Refinement Workers: 8
 Periodic GC: Disabled
Heap:
 garbage-first heap   total 48128K, used 19754K [0x00000000c2000000, 0x0000000100000000)
  region size 1024K, 5 young (5120K), 2 survivors (2048K)
 Metaspace       used 33212K, committed 33792K, reserved 1114112K
  class space    used 4484K, committed 4736K, reserved 1048576K
GC Heap History (14 events):
Event: 6.280 GC heap before
{Heap before GC invocations=0 (full 0):
 garbage-first heap   total 63488K, used 22528K [0x00000000c2000000, 0x0000000100000000)
  region size 1024K, 23 young (23552K), 0 survivors (0K)
 Metaspace       used 8338K, committed 8576K, reserved 1114112K
  class space    used 1034K, committed 1152K, reserved 1048576K
}
Event: 6.316 GC heap after
{Heap after GC invocations=1 (full 0):
 garbage-first heap   total 63488K, used 5624K [0x00000000c2000000, 0x0000000100000000)
  region size 1024K, 3 young (3072K), 3 survivors (3072K)
 Metaspace       used 8338K, committed 8576K, reserved 1114112K
  class space    used 1034K, committed 1152K, reserved 1048576K
}
Event: 8.303 GC heap before
{Heap before GC invocations=1 (full 0):
 garbage-first heap   total 63488K, used 31224K [0x00000000c2000000, 0x0000000100000000)
  region size 1024K, 29 young (29696K), 3 survivors (3072K)
 Metaspace       used 14588K, committed 14912K, reserved 1114112K
  class space    used 1905K, committed 2048K, reserved 1048576K
}
Event: 8.318 GC heap after
{Heap after GC invocations=2 (full 0):
 garbage-first heap   total 63488K, used 8365K [0x00000000c2000000, 0x0000000100000000)
  region size 1024K, 3 young (3072K), 3 survivors (3072K)
 Metaspace       used 14588K, committed 14912K, reserved 1114112K
  class space    used 1905K, committed 2048K, reserved 1048576K
}
Event: 10.040 GC heap before
{Heap before GC invocations=2 (full 0):
 garbage-first heap   total 63488K, used 41133K [0x00000000c2000000, 0x0000000100000000)
  region size 1024K, 35 young (35840K), 3 survivors (3072K)
 Metaspace       used 20071K, committed 20416K, reserved 1114112K
  class space    used 2659K, committed 2816K, reserved 1048576K
}
Event: 10.064 GC heap after
{Heap after GC invocations=3 (full 0):
 garbage-first heap   total 63488K, used 11264K [0x00000000c2000000, 0x0000000100000000)
  region size 1024K, 5 young (5120K), 5 survivors (5120K)
 Metaspace       used 20071K, committed 20416K, reserved 1114112K
  class space    used 2659K, committed 2816K, reserved 1048576K
}
Event: 11.788 GC heap before
{Heap before GC invocations=3 (full 0):
 garbage-first heap   total 63488K, used 18432K [0x00000000c2000000, 0x0000000100000000)
  region size 1024K, 14 young (14336K), 5 survivors (5120K)
 Metaspace       used 21179K, committed 21504K, reserved 1114112K
  class space    used 2812K, committed 2944K, reserved 1048576K
}
Event: 11.826 GC heap after
{Heap after GC invocations=4 (full 0):
 garbage-first heap   total 63488K, used 11961K [0x00000000c2000000, 0x0000000100000000)
  region size 1024K, 1 young (1024K), 1 survivors (1024K)
 Metaspace       used 21179K, committed 21504K, reserved 1114112K
  class space    used 2812K, committed 2944K, reserved 1048576K
}
Event: 16.543 GC heap before
{Heap before GC invocations=5 (full 0):
 garbage-first heap   total 48128K, used 39609K [0x00000000c2000000, 0x0000000100000000)
  region size 1024K, 28 young (28672K), 1 survivors (1024K)
 Metaspace       used 25720K, committed 26240K, reserved 1114112K
  class space    used 3515K, committed 3776K, reserved 1048576K
}
Event: 16.574 GC heap after
{Heap after GC invocations=6 (full 0):
 garbage-first heap   total 48128K, used 14797K [0x00000000c2000000, 0x0000000100000000)
  region size 1024K, 4 young (4096K), 4 survivors (4096K)
 Metaspace       used 25720K, committed 26240K, reserved 1114112K
  class space    used 3515K, committed 3776K, reserved 1048576K
}
Event: 20.054 GC heap before
{Heap before GC invocations=6 (full 0):
 garbage-first heap   total 48128K, used 36301K [0x00000000c2000000, 0x0000000100000000)
  region size 1024K, 26 young (26624K), 4 survivors (4096K)
 Metaspace       used 31121K, committed 31616K, reserved 1114112K
  class space    used 4203K, committed 4416K, reserved 1048576K
}
Event: 20.073 GC heap after
{Heap after GC invocations=7 (full 0):
 garbage-first heap   total 48128K, used 16373K [0x00000000c2000000, 0x0000000100000000)
  region size 1024K, 3 young (3072K), 3 survivors (3072K)
 Metaspace       used 31121K, committed 31616K, reserved 1114112K
  class space    used 4203K, committed 4416K, reserved 1048576K
}
Event: 23.949 GC heap before
{Heap before GC invocations=7 (full 0):
 garbage-first heap   total 48128K, used 36853K [0x00000000c2000000, 0x0000000100000000)
  region size 1024K, 24 young (24576K), 3 survivors (3072K)
 Metaspace       used 32952K, committed 33536K, reserved 1114112K
  class space    used 4453K, committed 4736K, reserved 1048576K
}
Event: 23.982 GC heap after
{Heap after GC invocations=8 (full 0):
 garbage-first heap   total 48128K, used 17706K [0x00000000c2000000, 0x0000000100000000)
  region size 1024K, 2 young (2048K), 2 survivors (2048K)
 Metaspace       used 32952K, committed 33536K, reserved 1114112K
  class space    used 4453K, committed 4736K, reserved 1048576K
}

