# JRE version: Java(TM) SE Runtime Environment (21.0.2+13) (build 21.0.2+13-LTS-58)
# Java VM: Java HotSpot(TM) 64-Bit Server VM (21.0.2+13-LTS-58, mixed mode, emulated-client, sharing, tiered, compressed oops, compressed class ptrs, g1 gc, windows-amd64)
GC Precious Log:
 CardTable entry size: 512
 Card Set container configuration: InlinePtr #cards 5 size 8 Array Of Cards #cards 12 size 40 Howl #buckets 4 coarsen threshold 1843 Howl Bitmap #cards 512 size 80 coarsen threshold 460 Card regions per heap region 1 cards per card region 2048
 CPUs: 8 total, 8 available
 Memory: 3962M
 Large Page Support: Disabled
 NUMA Support: Disabled
 Compressed Oops: Enabled (32-bit)
 Heap Region Size: 1M
 Heap Min Capacity: 8M
 Heap Initial Capacity: 62M
 Heap Max Capacity: 992M
 Pre-touch: Disabled
 Parallel Workers: 8
 Concurrent Workers: 2
 Concurrent Refinement Workers: 8
 Periodic GC: Disabled
Heap:
 garbage-first heap   total 48128K, used 26823K [0x00000000c2000000, 0x0000000100000000)
  region size 1024K, 8 young (8192K), 2 survivors (2048K)
 Metaspace       used 42471K, committed 43136K, reserved 1114112K
  class space    used 5507K, committed 5824K, reserved 1048576K
GC Heap History (18 events):
Event: 8.448 GC heap before
{Heap before GC invocations=0 (full 0):
 garbage-first heap   total 63488K, used 23552K [0x00000000c2000000, 0x0000000100000000)
  region size 1024K, 23 young (23552K), 0 survivors (0K)
 Metaspace       used 8207K, committed 8576K, reserved 1114112K
  class space    used 1019K, committed 1216K, reserved 1048576K
}
Event: 8.509 GC heap after
{Heap after GC invocations=1 (full 0):
 garbage-first heap   total 63488K, used 6017K [0x00000000c2000000, 0x0000000100000000)
  region size 1024K, 3 young (3072K), 3 survivors (3072K)
 Metaspace       used 8207K, committed 8576K, reserved 1114112K
  class space    used 1019K, committed 1216K, reserved 1048576K
}
Event: 11.109 GC heap before
{Heap before GC invocations=1 (full 0):
 garbage-first heap   total 63488K, used 29569K [0x00000000c2000000, 0x0000000100000000)
  region size 1024K, 27 young (27648K), 3 survivors (3072K)
 Metaspace       used 14258K, committed 14592K, reserved 1114112K
  class space    used 1870K, committed 2048K, reserved 1048576K
}
Event: 11.126 GC heap after
{Heap after GC invocations=2 (full 0):
 garbage-first heap   total 63488K, used 8268K [0x00000000c2000000, 0x0000000100000000)
  region size 1024K, 2 young (2048K), 2 survivors (2048K)
 Metaspace       used 14258K, committed 14592K, reserved 1114112K
  class space    used 1870K, committed 2048K, reserved 1048576K
}
Event: 13.677 GC heap before
{Heap before GC invocations=2 (full 0):
 garbage-first heap   total 63488K, used 40012K [0x00000000c2000000, 0x0000000100000000)
  region size 1024K, 34 young (34816K), 2 survivors (2048K)
 Metaspace       used 20397K, committed 20800K, reserved 1114112K
  class space    used 2707K, committed 2880K, reserved 1048576K
}
Event: 13.701 GC heap after
{Heap after GC invocations=3 (full 0):
 garbage-first heap   total 63488K, used 11366K [0x00000000c2000000, 0x0000000100000000)
  region size 1024K, 5 young (5120K), 5 survivors (5120K)
 Metaspace       used 20397K, committed 20800K, reserved 1114112K
  class space    used 2707K, committed 2880K, reserved 1048576K
}
Event: 14.663 GC heap before
{Heap before GC invocations=3 (full 0):
 garbage-first heap   total 63488K, used 21606K [0x00000000c2000000, 0x0000000100000000)
  region size 1024K, 16 young (16384K), 5 survivors (5120K)
 Metaspace       used 21121K, committed 21504K, reserved 1114112K
  class space    used 2822K, committed 3008K, reserved 1048576K
}
Event: 14.699 GC heap after
{Heap after GC invocations=4 (full 0):
 garbage-first heap   total 63488K, used 12356K [0x00000000c2000000, 0x0000000100000000)
  region size 1024K, 2 young (2048K), 2 survivors (2048K)
 Metaspace       used 21121K, committed 21504K, reserved 1114112K
  class space    used 2822K, committed 3008K, reserved 1048576K
}
Event: 17.648 GC heap before
{Heap before GC invocations=5 (full 0):
 garbage-first heap   total 48128K, used 38980K [0x00000000c2000000, 0x0000000100000000)
  region size 1024K, 28 young (28672K), 2 survivors (2048K)
 Metaspace       used 25466K, committed 25920K, reserved 1114112K
  class space    used 3497K, committed 3712K, reserved 1048576K
}
Event: 17.689 GC heap after
{Heap after GC invocations=6 (full 0):
 garbage-first heap   total 48128K, used 14672K [0x00000000c2000000, 0x0000000100000000)
  region size 1024K, 4 young (4096K), 4 survivors (4096K)
 Metaspace       used 25466K, committed 25920K, reserved 1114112K
  class space    used 3497K, committed 3712K, reserved 1048576K
}
Event: 20.380 GC heap before
{Heap before GC invocations=6 (full 0):
 garbage-first heap   total 48128K, used 37200K [0x00000000c2000000, 0x0000000100000000)
  region size 1024K, 26 young (26624K), 4 survivors (4096K)
 Metaspace       used 28548K, committed 29120K, reserved 1114112K
  class space    used 3892K, committed 4160K, reserved 1048576K
}
Event: 20.400 GC heap after
{Heap after GC invocations=7 (full 0):
 garbage-first heap   total 48128K, used 16144K [0x00000000c2000000, 0x0000000100000000)
  region size 1024K, 2 young (2048K), 2 survivors (2048K)
 Metaspace       used 28548K, committed 29120K, reserved 1114112K
  class space    used 3892K, committed 4160K, reserved 1048576K
}
Event: 22.462 GC heap before
{Heap before GC invocations=7 (full 0):
 garbage-first heap   total 48128K, used 37648K [0x00000000c2000000, 0x0000000100000000)
  region size 1024K, 24 young (24576K), 2 survivors (2048K)
 Metaspace       used 33523K, committed 34176K, reserved 1114112K
  class space    used 4538K, committed 4800K, reserved 1048576K
}
Event: 22.477 GC heap after
{Heap after GC invocations=8 (full 0):
 garbage-first heap   total 48128K, used 18035K [0x00000000c2000000, 0x0000000100000000)
  region size 1024K, 2 young (2048K), 2 survivors (2048K)
 Metaspace       used 33523K, committed 34176K, reserved 1114112K
  class space    used 4538K, committed 4800K, reserved 1048576K
}
Event: 25.273 GC heap before
{Heap before GC invocations=8 (full 0):
 garbage-first heap   total 48128K, used 33395K [0x00000000c2000000, 0x0000000100000000)
  region size 1024K, 18 young (18432K), 2 survivors (2048K)
 Metaspace       used 35419K, committed 35968K, reserved 1114112K
  class space    used 4808K, committed 5056K, reserved 1048576K
}
Event: 25.312 GC heap after
{Heap after GC invocations=9 (full 0):
 garbage-first heap   total 48128K, used 20026K [0x00000000c2000000, 0x0000000100000000)
  region size 1024K, 2 young (2048K), 2 survivors (2048K)
 Metaspace       used 35419K, committed 35968K, reserved 1114112K
  class space    used 4808K, committed 5056K, reserved 1048576K
}
Event: 245.952 GC heap before
{Heap before GC invocations=10 (full 0):
 garbage-first heap   total 48128K, used 41530K [0x00000000c2000000, 0x0000000100000000)
  region size 1024K, 22 young (22528K), 2 survivors (2048K)
 Metaspace       used 40940K, committed 41664K, reserved 1114112K
  class space    used 5326K, committed 5632K, reserved 1048576K
}
Event: 246.276 GC heap after
{Heap after GC invocations=11 (full 0):
 garbage-first heap   total 48128K, used 21703K [0x00000000c2000000, 0x0000000100000000)
  region size 1024K, 2 young (2048K), 2 survivors (2048K)
 Metaspace       used 40940K, committed 41664K, reserved 1114112K
  class space    used 5326K, committed 5632K, reserved 1048576K
}

